TN:
SF:server/ws-server.ts
FN:38,(anonymous_1)
FN:42,(anonymous_2)
FN:48,(anonymous_3)
FN:52,(anonymous_4)
FN:66,(anonymous_5)
FN:77,(anonymous_6)
FN:83,(anonymous_7)
FN:109,(anonymous_8)
FN:113,(anonymous_9)
FN:117,(anonymous_10)
FN:122,(anonymous_11)
FN:180,(anonymous_12)
FN:215,(anonymous_13)
FN:222,(anonymous_14)
FN:259,(anonymous_15)
FN:324,(anonymous_16)
FN:361,(anonymous_17)
FN:418,(anonymous_18)
FN:437,(anonymous_19)
FN:449,(anonymous_20)
FN:465,(anonymous_21)
FN:467,(anonymous_22)
FN:472,(anonymous_23)
FN:477,(anonymous_24)
FN:490,(anonymous_25)
FN:509,(anonymous_26)
FN:528,(anonymous_27)
FN:551,(anonymous_28)
FNF:28
FNH:6
FNDA:6,(anonymous_1)
FNDA:4,(anonymous_2)
FNDA:0,(anonymous_3)
FNDA:0,(anonymous_4)
FNDA:0,(anonymous_5)
FNDA:2,(anonymous_6)
FNDA:2,(anonymous_7)
FNDA:0,(anonymous_8)
FNDA:0,(anonymous_9)
FNDA:0,(anonymous_10)
FNDA:0,(anonymous_11)
FNDA:0,(anonymous_12)
FNDA:0,(anonymous_13)
FNDA:0,(anonymous_14)
FNDA:0,(anonymous_15)
FNDA:0,(anonymous_16)
FNDA:0,(anonymous_17)
FNDA:0,(anonymous_18)
FNDA:0,(anonymous_19)
FNDA:0,(anonymous_20)
FNDA:6,(anonymous_21)
FNDA:0,(anonymous_22)
FNDA:0,(anonymous_23)
FNDA:0,(anonymous_24)
FNDA:0,(anonymous_25)
FNDA:0,(anonymous_26)
FNDA:0,(anonymous_27)
FNDA:7,(anonymous_28)
DA:1,1
DA:3,1
DA:4,1
DA:32,6
DA:33,6
DA:34,6
DA:35,6
DA:36,6
DA:39,6
DA:43,4
DA:44,4
DA:46,3
DA:48,3
DA:49,0
DA:52,3
DA:53,0
DA:54,0
DA:57,3
DA:58,3
DA:60,1
DA:61,1
DA:62,1
DA:68,0
DA:78,2
DA:79,2
DA:84,2
DA:87,0
DA:90,0
DA:97,0
DA:99,0
DA:102,0
DA:109,0
DA:110,0
DA:113,0
DA:114,0
DA:117,0
DA:118,0
DA:123,0
DA:125,0
DA:126,0
DA:127,0
DA:131,0
DA:132,0
DA:134,0
DA:135,0
DA:138,0
DA:140,0
DA:141,0
DA:144,0
DA:145,0
DA:148,0
DA:149,0
DA:152,0
DA:153,0
DA:156,0
DA:157,0
DA:160,0
DA:161,0
DA:164,0
DA:165,0
DA:172,0
DA:173,0
DA:181,0
DA:183,0
DA:184,0
DA:188,0
DA:189,0
DA:197,0
DA:198,0
DA:199,0
DA:201,0
DA:202,0
DA:204,0
DA:210,0
DA:212,0
DA:216,0
DA:223,0
DA:225,0
DA:226,0
DA:230,0
DA:231,0
DA:235,0
DA:242,0
DA:243,0
DA:244,0
DA:245,0
DA:247,0
DA:249,0
DA:256,0
DA:260,0
DA:262,0
DA:263,0
DA:267,0
DA:270,0
DA:271,0
DA:275,0
DA:278,0
DA:281,0
DA:283,0
DA:284,0
DA:287,0
DA:288,0
DA:291,0
DA:292,0
DA:295,0
DA:297,0
DA:300,0
DA:302,0
DA:306,0
DA:314,0
DA:321,0
DA:325,0
DA:327,0
DA:328,0
DA:331,0
DA:334,0
DA:342,0
DA:344,0
DA:345,0
DA:347,0
DA:348,0
DA:350,0
DA:355,0
DA:356,0
DA:358,0
DA:362,0
DA:364,0
DA:365,0
DA:369,0
DA:372,0
DA:373,0
DA:377,0
DA:380,0
DA:381,0
DA:382,0
DA:385,0
DA:397,0
DA:398,0
DA:400,0
DA:401,0
DA:405,0
DA:409,0
DA:415,0
DA:419,0
DA:421,0
DA:422,0
DA:425,0
DA:428,0
DA:438,0
DA:440,0
DA:441,0
DA:444,0
DA:445,0
DA:450,0
DA:452,0
DA:453,0
DA:456,0
DA:457,0
DA:458,0
DA:461,0
DA:467,6
DA:468,0
DA:472,6
DA:473,0
DA:478,0
DA:480,0
DA:482,0
DA:483,0
DA:484,0
DA:491,0
DA:492,0
DA:494,0
DA:495,0
DA:496,0
DA:499,0
DA:500,0
DA:504,0
DA:510,0
DA:521,0
DA:523,0
DA:524,0
DA:529,0
DA:532,0
DA:546,0
DA:547,0
DA:552,7
DA:553,5
DA:554,5
DA:557,7
DA:558,5
DA:559,5
DA:563,7
DA:564,0
DA:565,0
DA:570,7
DA:571,7
DA:574,7
DA:575,3
DA:578,7
DA:579,7
DA:584,1
DA:586,1
LF:202
LH:39
BRDA:60,0,0,1
BRDA:60,0,1,0
BRDA:78,1,0,2
BRDA:78,2,0,2
BRDA:78,2,1,0
BRDA:125,3,0,0
BRDA:138,4,0,0
BRDA:138,4,1,0
BRDA:138,4,2,0
BRDA:138,4,3,0
BRDA:138,4,4,0
BRDA:138,4,5,0
BRDA:138,4,6,0
BRDA:183,5,0,0
BRDA:188,6,0,0
BRDA:188,7,0,0
BRDA:188,7,1,0
BRDA:198,8,0,0
BRDA:201,9,0,0
BRDA:201,9,1,0
BRDA:212,10,0,0
BRDA:212,10,1,0
BRDA:225,11,0,0
BRDA:230,12,0,0
BRDA:230,13,0,0
BRDA:230,13,1,0
BRDA:230,13,2,0
BRDA:262,14,0,0
BRDA:262,15,0,0
BRDA:262,15,1,0
BRDA:270,16,0,0
BRDA:283,17,0,0
BRDA:327,18,0,0
BRDA:327,19,0,0
BRDA:327,19,1,0
BRDA:327,19,2,0
BRDA:344,20,0,0
BRDA:347,21,0,0
BRDA:347,21,1,0
BRDA:364,22,0,0
BRDA:364,23,0,0
BRDA:364,23,1,0
BRDA:364,23,2,0
BRDA:372,24,0,0
BRDA:391,25,0,0
BRDA:391,25,1,0
BRDA:393,26,0,0
BRDA:393,26,1,0
BRDA:421,27,0,0
BRDA:421,28,0,0
BRDA:421,28,1,0
BRDA:421,28,2,0
BRDA:440,29,0,0
BRDA:444,30,0,0
BRDA:452,31,0,0
BRDA:457,32,0,0
BRDA:457,33,0,0
BRDA:457,33,1,0
BRDA:482,34,0,0
BRDA:483,35,0,0
BRDA:495,36,0,0
BRDA:499,37,0,0
BRDA:552,38,0,5
BRDA:557,39,0,5
BRDA:564,40,0,0
BRDA:574,41,0,3
BRDA:574,42,0,7
BRDA:574,42,1,3
BRF:68
BRH:8
end_of_record
TN:
SF:server/services/adf-sms-response-sender.ts
FN:61,(anonymous_1)
FN:69,(anonymous_2)
FN:100,(anonymous_3)
FN:114,(anonymous_4)
FN:178,(anonymous_5)
FN:276,(anonymous_6)
FN:361,(anonymous_7)
FN:409,(anonymous_8)
FN:416,(anonymous_9)
FN:485,(anonymous_10)
FN:486,(anonymous_11)
FN:539,(anonymous_12)
FN:549,(anonymous_13)
FN:551,(anonymous_14)
FN:589,(anonymous_15)
FN:605,(anonymous_16)
FN:638,(anonymous_17)
FN:680,(anonymous_18)
FN:742,(anonymous_19)
FN:767,(anonymous_20)
FN:794,(anonymous_21)
FN:822,(anonymous_22)
FN:850,(anonymous_23)
FN:890,(anonymous_24)
FN:934,(anonymous_25)
FN:942,(anonymous_26)
FN:978,(anonymous_27)
FN:1008,(anonymous_28)
FN:1016,(anonymous_29)
FN:1084,(anonymous_30)
FNF:30
FNH:24
FNDA:40,(anonymous_1)
FNDA:4,(anonymous_2)
FNDA:40,(anonymous_3)
FNDA:3,(anonymous_4)
FNDA:3,(anonymous_5)
FNDA:3,(anonymous_6)
FNDA:2,(anonymous_7)
FNDA:5,(anonymous_8)
FNDA:4,(anonymous_9)
FNDA:4,(anonymous_10)
FNDA:3,(anonymous_11)
FNDA:1,(anonymous_12)
FNDA:2,(anonymous_13)
FNDA:0,(anonymous_14)
FNDA:4,(anonymous_15)
FNDA:1,(anonymous_16)
FNDA:5,(anonymous_17)
FNDA:1,(anonymous_18)
FNDA:1,(anonymous_19)
FNDA:3,(anonymous_20)
FNDA:0,(anonymous_21)
FNDA:0,(anonymous_22)
FNDA:0,(anonymous_23)
FNDA:3,(anonymous_24)
FNDA:2,(anonymous_25)
FNDA:7,(anonymous_26)
FNDA:0,(anonymous_27)
FNDA:1,(anonymous_28)
FNDA:2,(anonymous_29)
FNDA:0,(anonymous_30)
DA:1,1
DA:2,1
DA:3,1
DA:4,1
DA:5,1
DA:8,1
DA:11,1
DA:12,1
DA:13,1
DA:14,1
DA:17,1
DA:56,1
DA:57,40
DA:58,40
DA:59,40
DA:62,40
DA:63,40
DA:70,4
DA:71,1
DA:74,3
DA:75,3
DA:78,3
DA:79,2
DA:80,2
DA:81,2
DA:82,2
DA:83,2
DA:86,2
DA:88,2
DA:89,2
DA:91,1
DA:92,1
DA:93,1
DA:102,40
DA:105,40
DA:108,40
DA:121,3
DA:122,3
DA:125,3
DA:126,3
DA:127,1
DA:128,1
DA:133,1
DA:137,2
DA:138,2
DA:139,1
DA:145,1
DA:146,1
DA:147,1
DA:151,1
DA:154,1
DA:157,0
DA:158,0
DA:164,0
DA:167,0
DA:184,3
DA:185,3
DA:192,3
DA:204,3
DA:207,2
DA:209,2
DA:211,1
DA:212,1
DA:215,1
DA:218,1
DA:220,1
DA:227,1
DA:234,1
DA:235,1
DA:237,1
DA:244,1
DA:247,1
DA:250,1
DA:257,1
DA:258,1
DA:264,1
DA:267,1
DA:269,1
DA:277,3
DA:278,3
DA:280,3
DA:288,3
DA:301,0
DA:304,0
DA:306,0
DA:309,0
DA:310,0
DA:313,0
DA:314,0
DA:315,0
DA:317,0
DA:318,0
DA:319,0
DA:321,0
DA:323,0
DA:331,0
DA:332,0
DA:334,0
DA:335,0
DA:338,0
DA:341,0
DA:349,3
DA:350,3
DA:366,2
DA:367,2
DA:370,2
DA:373,1
DA:376,1
DA:377,2
DA:379,2
DA:387,1
DA:388,1
DA:390,1
DA:397,1
DA:398,1
DA:411,5
DA:412,0
DA:416,5
DA:417,4
DA:419,4
DA:420,3
DA:421,0
DA:422,0
DA:426,3
DA:427,2
DA:432,2
DA:436,1
DA:437,1
DA:444,0
DA:445,0
DA:447,0
DA:454,0
DA:462,2
DA:463,2
DA:469,4
DA:474,5
DA:476,5
DA:486,4
DA:487,3
DA:489,3
DA:490,2
DA:491,0
DA:495,0
DA:499,2
DA:500,1
DA:507,1
DA:514,0
DA:517,0
DA:520,2
DA:521,2
DA:528,3
DA:533,4
DA:540,1
DA:541,1
DA:542,1
DA:551,2
DA:552,0
DA:554,0
DA:567,0
DA:568,0
DA:573,0
DA:574,0
DA:578,0
DA:579,0
DA:590,4
DA:592,4
DA:594,4
DA:595,1
DA:599,3
DA:600,1
DA:604,2
DA:605,1
DA:606,1
DA:610,1
DA:611,1
DA:617,0
DA:618,0
DA:625,1
DA:627,0
DA:631,0
DA:639,5
DA:641,5
DA:642,5
DA:643,5
DA:644,2
DA:645,3
DA:646,2
DA:651,4
DA:652,4
DA:654,4
DA:655,1
DA:659,4
DA:664,4
DA:666,4
DA:668,1
DA:673,1
DA:686,1
DA:688,1
DA:692,0
DA:694,0
DA:704,0
DA:730,1
DA:731,1
DA:735,1
DA:743,1
DA:744,1
DA:754,1
DA:755,1
DA:760,1
DA:772,3
DA:773,3
DA:782,3
DA:783,3
DA:795,0
DA:796,0
DA:804,0
DA:805,0
DA:808,0
DA:810,0
DA:811,0
DA:815,0
DA:823,0
DA:824,0
DA:832,0
DA:833,0
DA:836,0
DA:838,0
DA:839,0
DA:843,0
DA:854,0
DA:856,0
DA:857,0
DA:859,0
DA:874,0
DA:876,0
DA:877,0
DA:882,0
DA:891,3
DA:892,3
DA:895,3
DA:897,2
DA:898,1
DA:902,1
DA:906,1
DA:915,1
DA:922,1
DA:923,1
DA:935,2
DA:936,2
DA:939,2
DA:940,2
DA:942,7
DA:944,1
DA:946,1
DA:948,1
DA:954,1
DA:960,0
DA:967,0
DA:968,0
DA:979,0
DA:981,0
DA:983,0
DA:990,0
DA:991,0
DA:994,0
DA:996,0
DA:997,0
DA:1001,0
DA:1009,1
DA:1021,2
DA:1023,2
DA:1026,2
DA:1029,2
DA:1032,2
DA:1042,2
DA:1044,1
DA:1046,1
DA:1052,1
DA:1057,1
DA:1062,1
DA:1068,0
DA:1069,0
DA:1074,0
DA:1088,0
DA:1090,0
DA:1092,0
DA:1093,0
DA:1097,0
DA:1121,0
DA:1124,0
DA:1143,0
DA:1145,0
DA:1146,0
DA:1151,0
DA:1157,1
LF:295
LH:196
BRDA:70,0,0,1
BRDA:91,1,0,1
BRDA:91,1,1,0
BRDA:126,2,0,1
BRDA:138,3,0,1
BRDA:157,4,0,0
BRDA:157,4,1,0
BRDA:209,5,0,1
BRDA:209,5,1,1
BRDA:209,6,0,2
BRDA:209,6,1,1
BRDA:238,7,0,1
BRDA:238,7,1,0
BRDA:257,8,0,1
BRDA:257,8,1,0
BRDA:292,9,0,3
BRDA:292,9,1,2
BRDA:293,10,0,3
BRDA:293,10,1,2
BRDA:295,11,0,2
BRDA:295,11,1,1
BRDA:304,12,0,0
BRDA:304,12,1,0
BRDA:314,13,0,0
BRDA:314,14,0,0
BRDA:314,14,1,0
BRDA:332,15,0,0
BRDA:332,16,0,0
BRDA:332,16,1,0
BRDA:349,17,0,3
BRDA:349,17,1,0
BRDA:367,18,0,1
BRDA:397,19,0,1
BRDA:397,19,1,0
BRDA:411,20,0,0
BRDA:420,21,0,0
BRDA:426,22,0,2
BRDA:426,23,0,3
BRDA:426,23,1,2
BRDA:462,24,0,2
BRDA:462,24,1,0
BRDA:490,25,0,0
BRDA:499,26,0,1
BRDA:520,27,0,2
BRDA:520,27,1,0
BRDA:540,28,0,1
BRDA:567,29,0,0
BRDA:578,30,0,0
BRDA:578,30,1,0
BRDA:592,31,0,4
BRDA:594,32,0,1
BRDA:594,33,0,4
BRDA:594,33,1,2
BRDA:595,34,0,1
BRDA:595,34,1,0
BRDA:599,35,0,1
BRDA:599,36,0,3
BRDA:599,36,1,1
BRDA:604,37,0,1
BRDA:606,38,0,1
BRDA:606,38,1,0
BRDA:610,39,0,1
BRDA:611,40,0,1
BRDA:611,40,1,0
BRDA:617,41,0,0
BRDA:617,42,0,0
BRDA:617,42,1,0
BRDA:618,43,0,0
BRDA:618,43,1,0
BRDA:628,44,0,0
BRDA:628,44,1,0
BRDA:642,45,0,5
BRDA:642,46,0,5
BRDA:642,46,1,5
BRDA:643,47,0,2
BRDA:643,47,1,3
BRDA:645,48,0,2
BRDA:654,49,0,1
BRDA:659,50,0,4
BRDA:659,50,1,0
BRDA:669,51,0,1
BRDA:669,51,1,0
BRDA:692,52,0,0
BRDA:692,52,1,0
BRDA:730,53,0,1
BRDA:730,53,1,0
BRDA:754,54,0,1
BRDA:754,54,1,0
BRDA:777,55,0,3
BRDA:777,55,1,2
BRDA:782,56,0,3
BRDA:782,56,1,0
BRDA:804,57,0,0
BRDA:810,58,0,0
BRDA:810,58,1,0
BRDA:832,59,0,0
BRDA:838,60,0,0
BRDA:838,60,1,0
BRDA:876,61,0,0
BRDA:876,61,1,0
BRDA:897,62,0,1
BRDA:922,63,0,1
BRDA:922,63,1,0
BRDA:942,64,0,1
BRDA:946,65,0,1
BRDA:946,65,1,0
BRDA:967,66,0,0
BRDA:967,66,1,0
BRDA:990,67,0,0
BRDA:996,68,0,0
BRDA:996,68,1,0
BRDA:1019,69,0,0
BRDA:1042,70,0,1
BRDA:1042,70,1,1
BRDA:1042,71,0,2
BRDA:1042,71,1,1
BRDA:1068,72,0,0
BRDA:1068,72,1,0
BRDA:1092,73,0,0
BRDA:1145,74,0,0
BRDA:1145,74,1,0
BRF:121
BRH:60
end_of_record
TN:
SF:server/utils/cache.ts
FN:20,(anonymous_0)
FN:26,(anonymous_1)
FN:44,(anonymous_2)
FN:53,(anonymous_3)
FN:57,(anonymous_4)
FN:63,(anonymous_5)
FN:80,(anonymous_6)
FN:85,(anonymous_7)
FN:90,(anonymous_8)
FN:95,(anonymous_9)
FN:99,(anonymous_10)
FN:113,(anonymous_11)
FN:117,(anonymous_12)
FNF:13
FNH:12
FNDA:1,(anonymous_0)
FNDA:13,(anonymous_1)
FNDA:13,(anonymous_2)
FNDA:5,(anonymous_3)
FNDA:8,(anonymous_4)
FNDA:2,(anonymous_5)
FNDA:13,(anonymous_6)
FNDA:13,(anonymous_7)
FNDA:2,(anonymous_8)
FNDA:8,(anonymous_9)
FNDA:1,(anonymous_10)
FNDA:2,(anonymous_11)
FNDA:0,(anonymous_12)
DA:21,1
DA:22,1
DA:23,1
DA:27,13
DA:29,13
DA:30,6
DA:31,6
DA:34,7
DA:35,1
DA:36,1
DA:37,1
DA:40,6
DA:41,6
DA:45,13
DA:47,13
DA:54,5
DA:58,8
DA:59,8
DA:60,8
DA:64,2
DA:65,2
DA:67,2
DA:77,1
DA:80,1
DA:81,13
DA:82,13
DA:85,1
DA:86,13
DA:87,13
DA:90,1
DA:91,2
DA:92,2
DA:95,1
DA:96,8
DA:99,1
DA:100,1
DA:101,1
DA:103,1
DA:104,3
DA:105,2
DA:106,2
DA:110,1
DA:113,1
DA:114,2
DA:117,1
DA:118,0
DA:119,0
DA:120,0
DA:123,1
LF:49
LH:46
BRDA:29,0,0,6
BRDA:34,1,0,1
BRDA:34,2,0,7
BRDA:34,2,1,7
BRDA:44,3,0,0
BRDA:45,4,0,13
BRDA:45,4,1,0
BRDA:65,5,0,1
BRDA:65,5,1,1
BRDA:81,6,0,7
BRDA:81,6,1,6
BRDA:86,7,0,5
BRDA:86,7,1,8
BRDA:87,8,0,13
BRDA:87,8,1,11
BRDA:91,9,0,1
BRDA:91,9,1,1
BRDA:104,10,0,2
BRF:18
BRH:16
end_of_record
TN:
SF:server/utils/error-handler.ts
FN:24,(anonymous_1)
FN:54,requestIdMiddleware
FN:169,getDefaultErrorCode
FN:199,asyncHandler
FN:215,(anonymous_6)
FNF:5
FNH:1
FNDA:0,(anonymous_1)
FNDA:0,requestIdMiddleware
FNDA:0,getDefaultErrorCode
FNDA:1,asyncHandler
FNDA:0,(anonymous_6)
DA:2,1
DA:3,1
DA:16,1
DA:35,0
DA:36,0
DA:37,0
DA:38,0
DA:39,0
DA:40,0
DA:41,0
DA:44,0
DA:45,0
DA:49,0
DA:54,1
DA:59,0
DA:60,0
DA:62,0
DA:63,0
DA:65,0
DA:66,0
DA:67,0
DA:71,1
DA:77,0
DA:79,0
DA:80,0
DA:81,0
DA:82,0
DA:83,0
DA:84,0
DA:87,0
DA:107,0
DA:108,0
DA:109,0
DA:110,0
DA:112,0
DA:116,0
DA:117,0
DA:119,0
DA:120,0
DA:124,0
DA:136,0
DA:137,0
DA:141,0
DA:142,0
DA:146,0
DA:147,0
DA:150,0
DA:170,0
DA:172,0
DA:174,0
DA:176,0
DA:178,0
DA:180,0
DA:182,0
DA:184,0
DA:186,0
DA:188,0
DA:190,0
DA:192,0
DA:194,0
DA:199,1
DA:215,1
DA:220,0
DA:225,1
LF:64
LH:8
BRDA:26,0,0,0
BRDA:37,1,0,0
BRDA:37,1,1,0
BRDA:41,2,0,0
BRDA:41,2,1,0
BRDA:44,3,0,0
BRDA:59,4,0,0
BRDA:59,4,1,0
BRDA:60,5,0,0
BRDA:60,5,1,0
BRDA:79,6,0,0
BRDA:79,6,1,0
BRDA:80,7,0,0
BRDA:80,7,1,0
BRDA:80,7,2,0
BRDA:81,8,0,0
BRDA:81,8,1,0
BRDA:81,8,2,0
BRDA:81,8,3,0
BRDA:82,9,0,0
BRDA:82,9,1,0
BRDA:82,9,2,0
BRDA:97,10,0,0
BRDA:97,10,1,0
BRDA:102,11,0,0
BRDA:102,11,1,0
BRDA:107,12,0,0
BRDA:107,12,1,0
BRDA:109,13,0,0
BRDA:109,13,1,0
BRDA:116,14,0,0
BRDA:119,15,0,0
BRDA:128,16,0,0
BRDA:128,16,1,0
BRDA:136,17,0,0
BRDA:136,18,0,0
BRDA:136,18,1,0
BRDA:141,19,0,0
BRDA:141,20,0,0
BRDA:141,20,1,0
BRDA:146,21,0,0
BRDA:146,22,0,0
BRDA:146,22,1,0
BRDA:170,23,0,0
BRDA:170,23,1,0
BRDA:170,23,2,0
BRDA:170,23,3,0
BRDA:170,23,4,0
BRDA:170,23,5,0
BRDA:170,23,6,0
BRDA:170,23,7,0
BRDA:170,23,8,0
BRDA:170,23,9,0
BRDA:170,23,10,0
BRDA:170,23,11,0
BRF:55
BRH:0
end_of_record
TN:
SF:server/utils/logger.ts
FN:26,(anonymous_1)
FN:54,addTraceContext
FN:74,(anonymous_3)
FN:79,(anonymous_4)
FN:84,(anonymous_5)
FN:99,(anonymous_6)
FN:105,(anonymous_7)
FN:116,(anonymous_8)
FN:128,(anonymous_9)
FN:129,(anonymous_10)
FN:133,(anonymous_11)
FN:137,(anonymous_12)
FN:151,(anonymous_13)
FNF:13
FNH:4
FNDA:11,(anonymous_1)
FNDA:11,addTraceContext
FNDA:10,(anonymous_3)
FNDA:0,(anonymous_4)
FNDA:1,(anonymous_5)
FNDA:0,(anonymous_6)
FNDA:0,(anonymous_7)
FNDA:0,(anonymous_8)
FNDA:0,(anonymous_9)
FNDA:0,(anonymous_10)
FNDA:0,(anonymous_11)
FNDA:0,(anonymous_12)
FNDA:0,(anonymous_13)
DA:1,3
DA:2,3
DA:3,3
DA:7,3
DA:10,3
DA:27,11
DA:37,3
DA:38,0
DA:45,0
DA:55,11
DA:57,0
DA:63,0
DA:65,0
DA:66,0
DA:69,0
DA:73,3
DA:75,10
DA:76,10
DA:80,0
DA:81,0
DA:85,1
DA:86,1
DA:87,1
DA:88,1
DA:89,1
DA:94,0
DA:95,0
DA:100,0
DA:101,0
DA:107,0
DA:108,0
DA:113,0
DA:118,0
DA:119,0
DA:124,0
DA:128,0
DA:130,0
DA:131,0
DA:134,0
DA:135,0
DA:138,0
DA:139,0
DA:140,0
DA:141,0
DA:142,0
DA:147,0
DA:148,0
DA:152,0
DA:153,0
DA:159,3
DA:160,3
LF:51
LH:18
BRDA:11,0,0,0
BRDA:11,0,1,3
BRDA:28,1,0,11
BRDA:28,1,1,0
BRDA:37,2,0,0
BRDA:55,3,0,11
BRDA:60,4,0,0
BRDA:60,4,1,0
BRDA:63,5,0,0
BRDA:65,6,0,0
BRDA:65,7,0,0
BRDA:65,7,1,0
BRDA:76,8,0,0
BRDA:76,8,1,10
BRDA:81,9,0,0
BRDA:81,9,1,0
BRDA:85,10,0,1
BRDA:85,10,1,0
BRDA:86,11,0,1
BRDA:86,11,1,0
BRDA:88,12,0,0
BRDA:88,12,1,1
BRDA:90,13,0,1
BRDA:90,13,1,0
BRDA:90,14,0,1
BRDA:90,14,1,1
BRDA:95,15,0,0
BRDA:95,15,1,0
BRDA:101,16,0,0
BRDA:101,16,1,0
BRDA:108,17,0,0
BRDA:108,17,1,0
BRDA:119,18,0,0
BRDA:119,18,1,0
BRDA:131,19,0,0
BRDA:131,19,1,0
BRDA:135,20,0,0
BRDA:135,20,1,0
BRDA:138,21,0,0
BRDA:138,21,1,0
BRDA:139,22,0,0
BRDA:139,22,1,0
BRDA:141,23,0,0
BRDA:141,23,1,0
BRDA:143,24,0,0
BRDA:143,24,1,0
BRDA:143,25,0,0
BRDA:143,25,1,0
BRDA:148,26,0,0
BRDA:148,26,1,0
BRDA:153,27,0,0
BRDA:153,27,1,0
BRF:52
BRH:10
end_of_record
TN:
SF:server/utils/phone-masking.ts
FN:16,maskPhoneNumber
FN:63,maskPhoneNumbersInText
FN:76,(anonymous_2)
FN:77,(anonymous_3)
FN:88,containsPhoneNumber
FN:96,sanitizeObjectForLogging
FN:113,(anonymous_6)
FN:125,(anonymous_7)
FN:143,sanitizeRequestForLogging
FN:165,formatPhoneNumberForDisplay
FN:183,isValidPhoneNumber
FN:208,extractPhoneNumbers
FN:213,(anonymous_12)
FN:214,(anonymous_13)
FN:215,(anonymous_14)
FNF:15
FNH:4
FNDA:2,maskPhoneNumber
FNDA:0,maskPhoneNumbersInText
FNDA:0,(anonymous_2)
FNDA:0,(anonymous_3)
FNDA:1,containsPhoneNumber
FNDA:3,sanitizeObjectForLogging
FNDA:0,(anonymous_6)
FNDA:16,(anonymous_7)
FNDA:0,sanitizeRequestForLogging
FNDA:0,formatPhoneNumberForDisplay
FNDA:0,isValidPhoneNumber
FNDA:0,extractPhoneNumbers
FNDA:0,(anonymous_12)
FNDA:0,(anonymous_13)
FNDA:0,(anonymous_14)
DA:16,3
DA:25,2
DA:27,2
DA:28,0
DA:32,2
DA:34,2
DA:35,0
DA:38,2
DA:40,2
DA:42,0
DA:43,0
DA:46,0
DA:47,0
DA:48,0
DA:49,0
DA:52,2
DA:53,2
DA:54,2
DA:57,2
DA:63,3
DA:68,0
DA:74,0
DA:76,0
DA:77,0
DA:78,0
DA:82,0
DA:88,3
DA:89,1
DA:90,1
DA:96,3
DA:100,3
DA:101,0
DA:104,3
DA:105,1
DA:108,2
DA:109,0
DA:112,2
DA:113,0
DA:116,2
DA:117,2
DA:120,2
DA:122,2
DA:123,4
DA:125,16
DA:127,2
DA:130,2
DA:134,2
DA:137,0
DA:143,3
DA:144,0
DA:158,0
DA:165,3
DA:166,0
DA:168,0
DA:170,0
DA:171,0
DA:172,0
DA:173,0
DA:174,0
DA:177,0
DA:183,3
DA:184,0
DA:185,0
DA:188,0
DA:191,0
DA:192,0
DA:193,0
DA:194,0
DA:198,0
DA:199,0
DA:202,0
DA:208,3
DA:209,0
DA:210,0
DA:212,0
DA:213,0
DA:214,0
DA:217,0
DA:218,0
DA:219,0
DA:220,0
DA:222,0
LF:82
LH:34
BRDA:18,0,0,0
BRDA:21,1,0,2
BRDA:22,2,0,2
BRDA:23,3,0,2
BRDA:24,4,0,2
BRDA:27,5,0,0
BRDA:27,6,0,2
BRDA:27,6,1,2
BRDA:34,7,0,0
BRDA:35,8,0,0
BRDA:35,8,1,0
BRDA:40,9,0,0
BRDA:40,9,1,2
BRDA:40,10,0,2
BRDA:40,10,1,0
BRDA:53,11,0,2
BRDA:53,11,1,0
BRDA:65,12,0,0
BRDA:98,13,0,1
BRDA:100,14,0,0
BRDA:100,15,0,3
BRDA:100,15,1,3
BRDA:104,16,0,1
BRDA:105,17,0,0
BRDA:105,17,1,1
BRDA:108,18,0,0
BRDA:108,19,0,2
BRDA:108,19,1,2
BRDA:112,20,0,0
BRDA:116,21,0,2
BRDA:125,22,0,2
BRDA:125,22,1,2
BRDA:127,23,0,2
BRDA:127,23,1,0
BRDA:151,24,0,0
BRDA:151,24,1,0
BRDA:152,25,0,0
BRDA:152,25,1,0
BRDA:166,26,0,0
BRDA:170,27,0,0
BRDA:170,27,1,0
BRDA:172,28,0,0
BRDA:172,29,0,0
BRDA:172,29,1,0
BRDA:184,30,0,0
BRDA:184,31,0,0
BRDA:184,31,1,0
BRDA:191,32,0,0
BRDA:191,32,1,0
BRDA:193,33,0,0
BRDA:193,34,0,0
BRDA:193,34,1,0
BRDA:198,35,0,0
BRDA:198,36,0,0
BRDA:198,36,1,0
BRDA:210,37,0,0
BRDA:210,37,1,0
BRDA:217,38,0,0
BRDA:217,38,1,0
BRDA:219,39,0,0
BRDA:219,40,0,0
BRDA:219,40,1,0
BRF:62
BRH:20
end_of_record
TN:
SF:server/utils/redis-config.ts
FN:21,(anonymous_1)
FN:36,(anonymous_2)
FN:43,(anonymous_3)
FN:49,(anonymous_4)
FN:55,(anonymous_5)
FN:59,(anonymous_6)
FN:69,(anonymous_7)
FN:80,(anonymous_8)
FN:88,(anonymous_9)
FN:110,(anonymous_10)
FN:128,(anonymous_11)
FN:131,(anonymous_12)
FN:135,(anonymous_13)
FN:139,(anonymous_14)
FN:145,(anonymous_15)
FN:149,(anonymous_16)
FN:158,(anonymous_17)
FNF:17
FNH:3
FNDA:0,(anonymous_1)
FNDA:0,(anonymous_2)
FNDA:0,(anonymous_3)
FNDA:0,(anonymous_4)
FNDA:0,(anonymous_5)
FNDA:0,(anonymous_6)
FNDA:0,(anonymous_7)
FNDA:0,(anonymous_8)
FNDA:0,(anonymous_9)
FNDA:0,(anonymous_10)
FNDA:2,(anonymous_11)
FNDA:1,(anonymous_12)
FNDA:1,(anonymous_13)
FNDA:0,(anonymous_14)
FNDA:0,(anonymous_15)
FNDA:0,(anonymous_16)
FNDA:0,(anonymous_17)
DA:6,1
DA:7,1
DA:10,1
DA:11,1
DA:12,1
DA:13,1
DA:16,1
DA:23,0
DA:24,0
DA:25,0
DA:29,0
DA:30,0
DA:31,0
DA:38,0
DA:39,0
DA:42,0
DA:43,0
DA:49,1
DA:50,0
DA:55,0
DA:56,0
DA:59,0
DA:60,0
DA:63,0
DA:64,0
DA:69,0
DA:70,0
DA:73,0
DA:77,1
DA:80,1
DA:81,0
DA:82,0
DA:84,0
DA:88,1
DA:90,0
DA:91,0
DA:92,0
DA:95,0
DA:96,0
DA:97,0
DA:101,0
DA:102,0
DA:104,0
DA:105,0
DA:110,1
DA:111,0
DA:112,0
DA:113,0
DA:114,0
DA:115,0
DA:117,0
DA:119,0
DA:120,0
DA:121,0
DA:128,1
DA:129,2
DA:132,1
DA:136,1
DA:138,1
DA:139,0
DA:140,0
DA:146,0
DA:150,0
DA:155,1
DA:158,1
DA:159,0
DA:160,0
DA:163,0
DA:164,0
DA:167,1
LF:70
LH:20
BRDA:10,0,0,1
BRDA:10,0,1,1
BRDA:11,1,0,1
BRDA:11,1,1,1
BRDA:20,2,0,0
BRDA:20,2,1,1
BRDA:23,3,0,0
BRDA:23,4,0,0
BRDA:23,4,1,0
BRDA:34,5,0,0
BRDA:34,5,1,1
BRDA:38,6,0,0
BRDA:38,7,0,0
BRDA:38,7,1,0
BRDA:63,8,0,0
BRDA:63,9,0,0
BRDA:63,9,1,0
BRDA:63,9,2,0
BRDA:81,10,0,0
BRDA:90,11,0,0
BRDA:96,12,0,0
BRDA:111,13,0,0
BRDA:119,14,0,0
BRDA:138,15,0,0
BRDA:159,16,0,0
BRF:25
BRH:6
end_of_record
